<?xml version="1.0" encoding="UTF-8"?>
<!-- Generated by org.testng.reporters.JUnitReportReporter -->
<testsuite skipped="0" hostname="DESKTOP-IF0QH0F" name="mavenProject.Google" tests="1" failures="0" timestamp="07 Mar 2019 09:51:24 GMT" time="0.026" errors="0">
  <testcase name="f" time="0.026" classname="mavenProject.Google"/>
</testsuite> <!-- mavenProject.Google -->
